<?xml version="1.0" encoding="UTF-8"?>
<!-- Generated by org.testng.reporters.JUnitXMLReporter -->
<testsuite hostname="DESKTOP-RSHK965" ignored="0" name="Test" tests="11" failures="10" timestamp="24 Nov 2021 19:53:18 GMT" time="52.358" errors="0">
  <testcase name="login" time="8.472" classname="com.testcase.T003_addCustomer"/>
  <testcase name="addCustomer" time="0.005" classname="com.testcase.T003_addCustomer">
    <failure type="java.lang.NullPointerException">
      <![CDATA[java.lang.NullPointerException
at com.pageObject.AddCustomer.clickAddCust(AddCustomer.java:57)
at com.testcase.T003_addCustomer.addCustomer(T003_addCustomer.java:34)
... Removed 25 stack frames]]>
    </failure>
  </testcase> <!-- addCustomer -->
  <testcase name="addCustomer" time="0.013" classname="com.testcase.T003_addCustomer">
    <failure type="java.lang.NullPointerException">
      <![CDATA[java.lang.NullPointerException
at com.pageObject.AddCustomer.clickAddCust(AddCustomer.java:57)
at com.testcase.T003_addCustomer.addCustomer(T003_addCustomer.java:34)
... Removed 25 stack frames]]>
    </failure>
  </testcase> <!-- addCustomer -->
  <testcase name="addCustomer" time="0.002" classname="com.testcase.T003_addCustomer">
    <failure type="java.lang.NullPointerException">
      <![CDATA[java.lang.NullPointerException
at com.pageObject.AddCustomer.clickAddCust(AddCustomer.java:57)
at com.testcase.T003_addCustomer.addCustomer(T003_addCustomer.java:34)
... Removed 25 stack frames]]>
    </failure>
  </testcase> <!-- addCustomer -->
  <testcase name="addCustomer" time="0.002" classname="com.testcase.T003_addCustomer">
    <failure type="java.lang.NullPointerException">
      <![CDATA[java.lang.NullPointerException
at com.pageObject.AddCustomer.clickAddCust(AddCustomer.java:57)
at com.testcase.T003_addCustomer.addCustomer(T003_addCustomer.java:34)
... Removed 25 stack frames]]>
    </failure>
  </testcase> <!-- addCustomer -->
  <testcase name="addCustomer" time="0.002" classname="com.testcase.T003_addCustomer">
    <failure type="java.lang.NullPointerException">
      <![CDATA[java.lang.NullPointerException
at com.pageObject.AddCustomer.clickAddCust(AddCustomer.java:57)
at com.testcase.T003_addCustomer.addCustomer(T003_addCustomer.java:34)
... Removed 25 stack frames]]>
    </failure>
  </testcase> <!-- addCustomer -->
  <testcase name="addCustomer" time="0.002" classname="com.testcase.T003_addCustomer">
    <failure type="java.lang.NullPointerException">
      <![CDATA[java.lang.NullPointerException
at com.pageObject.AddCustomer.clickAddCust(AddCustomer.java:57)
at com.testcase.T003_addCustomer.addCustomer(T003_addCustomer.java:34)
... Removed 25 stack frames]]>
    </failure>
  </testcase> <!-- addCustomer -->
  <testcase name="addCustomer" time="0.002" classname="com.testcase.T003_addCustomer">
    <failure type="java.lang.NullPointerException">
      <![CDATA[java.lang.NullPointerException
at com.pageObject.AddCustomer.clickAddCust(AddCustomer.java:57)
at com.testcase.T003_addCustomer.addCustomer(T003_addCustomer.java:34)
... Removed 25 stack frames]]>
    </failure>
  </testcase> <!-- addCustomer -->
  <testcase name="addCustomer" time="0.021" classname="com.testcase.T003_addCustomer">
    <failure type="java.lang.NullPointerException">
      <![CDATA[java.lang.NullPointerException
at com.pageObject.AddCustomer.clickAddCust(AddCustomer.java:57)
at com.testcase.T003_addCustomer.addCustomer(T003_addCustomer.java:34)
... Removed 25 stack frames]]>
    </failure>
  </testcase> <!-- addCustomer -->
  <testcase name="addCustomer" time="0.001" classname="com.testcase.T003_addCustomer">
    <failure type="java.lang.NullPointerException">
      <![CDATA[java.lang.NullPointerException
at com.pageObject.AddCustomer.clickAddCust(AddCustomer.java:57)
at com.testcase.T003_addCustomer.addCustomer(T003_addCustomer.java:34)
... Removed 25 stack frames]]>
    </failure>
  </testcase> <!-- addCustomer -->
  <testcase name="addCustomer" time="0.001" classname="com.testcase.T003_addCustomer">
    <failure type="java.lang.NullPointerException">
      <![CDATA[java.lang.NullPointerException
at com.pageObject.AddCustomer.clickAddCust(AddCustomer.java:57)
at com.testcase.T003_addCustomer.addCustomer(T003_addCustomer.java:34)
... Removed 25 stack frames]]>
    </failure>
  </testcase> <!-- addCustomer -->
</testsuite> <!-- Test -->
