<?xml version="1.0" encoding="UTF-8"?>
<!-- Generated by org.testng.reporters.JUnitXMLReporter -->
<testsuite hostname="DESKTOP-RSHK965" ignored="0" name="Test" tests="3" failures="0" timestamp="26 Nov 2021 10:27:56 GMT" time="46.303" errors="0">
  <testcase name="login" time="7.132" classname="com.testcase.T003_addCustomer"/>
  <testcase name="addCustomer" time="3.124" classname="com.testcase.T003_addCustomer"/>
  <testcase name="addCustomer" time="1.714" classname="com.testcase.T003_addCustomer"/>
</testsuite> <!-- Test -->
