<?xml version="1.0" encoding="UTF-8"?>
<!-- Generated by org.testng.reporters.JUnitXMLReporter -->
<testsuite hostname="DESKTOP-RSHK965" ignored="0" name="Test" tests="4" failures="0" timestamp="23 Nov 2021 11:55:00 GMT" time="171.829" errors="0">
  <testcase name="login_test" time="14.078" classname="com.testcase.T001_LoginPage"/>
  <testcase name="loginDDTtest" time="17.515" classname="com.testcase.T002_LoginPageDDT"/>
  <testcase name="loginDDTtest" time="9.989" classname="com.testcase.T002_LoginPageDDT"/>
  <testcase name="loginDDTtest" time="20.748" classname="com.testcase.T002_LoginPageDDT"/>
</testsuite> <!-- Test -->
