<?xml version="1.0" encoding="UTF-8"?>
<!-- Generated by org.testng.reporters.JUnitXMLReporter -->
<testsuite hostname="DESKTOP-RSHK965" ignored="0" name="Test" tests="9" failures="0" timestamp="26 Nov 2021 18:33:22 GMT" time="395.351" errors="0">
  <testcase name="login_test" time="18.272" classname="com.testcase.T001_LoginPage"/>
  <testcase name="loginDDTtest" time="16.534" classname="com.testcase.T002_LoginPageDDT"/>
  <testcase name="loginDDTtest" time="13.675" classname="com.testcase.T002_LoginPageDDT"/>
  <testcase name="loginDDTtest" time="34.183" classname="com.testcase.T002_LoginPageDDT"/>
  <testcase name="login" time="7.648" classname="com.testcase.T003_addCustomer"/>
  <testcase name="LoginCust" time="10.497" classname="com.testcase.T004_addCustomer"/>
  <testcase name="addCust" time="12.833" classname="com.testcase.T004_addCustomer"/>
  <testcase name="addCustomer" time="17.797" classname="com.testcase.T003_addCustomer"/>
  <testcase name="addCustomer" time="16.183" classname="com.testcase.T003_addCustomer"/>
</testsuite> <!-- Test -->
