<?xml version="1.0" encoding="UTF-8"?>
<testsuite name="TestSuite" time="31.631" tests="4" errors="0" skipped="0" failures="0">
  <properties>
[...]
</properties>
  <testcase name="login_test" classname="com.testcase.T001_LoginPage" time="14.097"/>
  <testcase name="loginDDTtest" classname="com.testcase.T002_LoginPageDDT" time="17.534"/>
  <testcase name="loginDDTtest" classname="com.testcase.T002_LoginPageDDT" time="9.97"/>
  <testcase name="loginDDTtest" classname="com.testcase.T002_LoginPageDDT" time="20.764"/>
</testsuite>