<?xml version="1.0" encoding="UTF-8"?>
<testng-results skipped="0" failed="0" ignored="0" total="4" passed="4">
  <reporter-output>
  </reporter-output>
  <suite name="Suite" duration-ms="171829" started-at="2021-11-23T11:52:08Z" finished-at="2021-11-23T11:55:00Z">
    <groups>
    </groups>
    <test name="Test" duration-ms="171829" started-at="2021-11-23T11:52:08Z" finished-at="2021-11-23T11:55:00Z">
      <class name="com.testcase.T002_LoginPageDDT">
        <test-method status="PASS" signature="setup(java.lang.String)[pri:0, instance:com.testcase.T002_LoginPageDDT@1188e820]" name="setup" is-config="true" duration-ms="53200" started-at="2021-11-23T11:53:07Z" finished-at="2021-11-23T11:54:00Z">
          <params>
            <param index="0">
              <value>
                <![CDATA[chrome]]>
              </value>
            </param>
          </params>
          <reporter-output>
          </reporter-output>
        </test-method> <!-- setup -->
        <test-method status="PASS" signature="loginDDTtest(java.lang.String, java.lang.String)[pri:0, instance:com.testcase.T002_LoginPageDDT@1188e820]" name="loginDDTtest" duration-ms="17515" started-at="2021-11-23T11:54:12Z" data-provider="loginData" finished-at="2021-11-23T11:54:29Z">
          <params>
            <param index="0">
              <value>
                <![CDATA[mngr367255]]>
              </value>
            </param>
            <param index="1">
              <value>
                <![CDATA[mevAgEs]]>
              </value>
            </param>
          </params>
          <reporter-output>
          </reporter-output>
        </test-method> <!-- loginDDTtest -->
        <test-method status="PASS" signature="loginDDTtest(java.lang.String, java.lang.String)[pri:0, instance:com.testcase.T002_LoginPageDDT@1188e820]" name="loginDDTtest" duration-ms="9989" started-at="2021-11-23T11:54:29Z" data-provider="loginData" finished-at="2021-11-23T11:54:39Z">
          <params>
            <param index="0">
              <value>
                <![CDATA[mngr36725]]>
              </value>
            </param>
            <param index="1">
              <value>
                <![CDATA[mevAEs]]>
              </value>
            </param>
          </params>
          <reporter-output>
          </reporter-output>
        </test-method> <!-- loginDDTtest -->
        <test-method status="PASS" signature="loginDDTtest(java.lang.String, java.lang.String)[pri:0, instance:com.testcase.T002_LoginPageDDT@1188e820]" name="loginDDTtest" duration-ms="20748" started-at="2021-11-23T11:54:39Z" data-provider="loginData" finished-at="2021-11-23T11:55:00Z">
          <params>
            <param index="0">
              <value>
                <![CDATA[mngr367255]]>
              </value>
            </param>
            <param index="1">
              <value>
                <![CDATA[mevAgEs]]>
              </value>
            </param>
          </params>
          <reporter-output>
          </reporter-output>
        </test-method> <!-- loginDDTtest -->
        <test-method status="PASS" signature="tearDown()[pri:0, instance:com.testcase.T002_LoginPageDDT@1188e820]" name="tearDown" is-config="true" duration-ms="3" started-at="2021-11-23T11:55:00Z" finished-at="2021-11-23T11:55:00Z">
          <reporter-output>
          </reporter-output>
        </test-method> <!-- tearDown -->
      </class> <!-- com.testcase.T002_LoginPageDDT -->
      <class name="com.testcase.T001_LoginPage">
        <test-method status="PASS" signature="setup(java.lang.String)[pri:0, instance:com.testcase.T001_LoginPage@130f889]" name="setup" is-config="true" duration-ms="44407" started-at="2021-11-23T11:52:08Z" finished-at="2021-11-23T11:52:53Z">
          <params>
            <param index="0">
              <value>
                <![CDATA[chrome]]>
              </value>
            </param>
          </params>
          <reporter-output>
          </reporter-output>
        </test-method> <!-- setup -->
        <test-method status="PASS" signature="login_test()[pri:0, instance:com.testcase.T001_LoginPage@130f889]" name="login_test" duration-ms="14078" started-at="2021-11-23T11:52:53Z" finished-at="2021-11-23T11:53:07Z">
          <reporter-output>
          </reporter-output>
        </test-method> <!-- login_test -->
        <test-method status="PASS" signature="tearDown()[pri:0, instance:com.testcase.T001_LoginPage@130f889]" name="tearDown" is-config="true" duration-ms="3" started-at="2021-11-23T11:53:07Z" finished-at="2021-11-23T11:53:07Z">
          <reporter-output>
          </reporter-output>
        </test-method> <!-- tearDown -->
      </class> <!-- com.testcase.T001_LoginPage -->
    </test> <!-- Test -->
  </suite> <!-- Suite -->
</testng-results>
