<?xml version="1.0" encoding="UTF-8"?>
<testng-results skipped="0" failed="0" ignored="0" total="1" passed="1">
  <reporter-output>
  </reporter-output>
  <suite name="Suite" duration-ms="62150" started-at="2021-11-22T18:23:57Z" finished-at="2021-11-22T18:24:59Z">
    <groups>
    </groups>
    <test name="Test" duration-ms="62150" started-at="2021-11-22T18:23:57Z" finished-at="2021-11-22T18:24:59Z">
      <class name="com.testcase.T001_LoginPage">
        <test-method status="PASS" signature="setup(java.lang.String)[pri:0, instance:com.testcase.T001_LoginPage@17695df3]" name="setup" is-config="true" duration-ms="52684" started-at="2021-11-22T18:23:58Z" finished-at="2021-11-22T18:24:50Z">
          <params>
            <param index="0">
              <value>
                <![CDATA[chrome]]>
              </value>
            </param>
          </params>
          <reporter-output>
          </reporter-output>
        </test-method> <!-- setup -->
        <test-method status="PASS" signature="login_test()[pri:0, instance:com.testcase.T001_LoginPage@17695df3]" name="login_test" duration-ms="7894" started-at="2021-11-22T18:24:50Z" finished-at="2021-11-22T18:24:58Z">
          <reporter-output>
          </reporter-output>
        </test-method> <!-- login_test -->
        <test-method status="PASS" signature="tearDown()[pri:0, instance:com.testcase.T001_LoginPage@17695df3]" name="tearDown" is-config="true" duration-ms="1029" started-at="2021-11-22T18:24:58Z" finished-at="2021-11-22T18:24:59Z">
          <reporter-output>
          </reporter-output>
        </test-method> <!-- tearDown -->
      </class> <!-- com.testcase.T001_LoginPage -->
    </test> <!-- Test -->
  </suite> <!-- Suite -->
</testng-results>
